生成启动时间为 2023/5/15 23:34:05。
     1>项目“C:\MFC\lab3_1\lab3_1\lab3_1.vcxproj”在节点 2 上(build 个目标)。
     1>InitializeBuildStatus:
         正在创建“Debug\lab3_1.unsuccessfulbuild”，因为已指定“AlwaysCreate”。
       ClCompile:
         所有输出均为最新。
         C:\Program Files (x86)\Microsoft Visual Studio 10.0\VC\bin\CL.exe /c /ZI /nologo /W3 /WX- /Od /Oy- /D WIN32 /D _WINDOWS /D _DEBUG /D _UNICODE /D UNICODE /D _AFXDLL /Gm /EHsc /RTC1 /MDd /GS /fp:precise /Zc:wchar_t /Zc:forScope /Yu"StdAfx.h" /Fp"Debug\lab3_1.pch" /Fo"Debug\\" /Fd"Debug\vc100.pdb" /Gd /TP /analyze- /errorReport:prompt MainFrm.cpp lab3_1.cpp lab3_1Doc.cpp lab3_1View.cpp
         MainFrm.cpp
         正在生成代码...
         正在编译...
         lab3_1View.cpp
         lab3_1Doc.cpp
         lab3_1.cpp
         正在生成代码...
       ResourceCompile:
         C:\Program Files (x86)\Microsoft SDKs\Windows\v7.0A\bin\rc.exe /D _DEBUG /D _UNICODE /D UNICODE /D _AFXDLL /l"0x0804" /IDebug\ /nologo /fo"Debug\lab3_1.res" lab3_1.rc 
       ManifestResourceCompile:
         所有输出均为最新。
       Link:
         C:\Program Files (x86)\Microsoft Visual Studio 10.0\VC\bin\link.exe /ERRORREPORT:PROMPT /OUT:"C:\MFC\lab3_1\Debug\lab3_1.exe" /INCREMENTAL /NOLOGO /MANIFEST /ManifestFile:"Debug\lab3_1.exe.intermediate.manifest" /MANIFESTUAC:"level='asInvoker' uiAccess='false'" /DEBUG /PDB:"C:\MFC\lab3_1\Debug\lab3_1.pdb" /SUBSYSTEM:WINDOWS /TLBID:1 /ENTRY:"wWinMainCRTStartup" /DYNAMICBASE /NXCOMPAT /IMPLIB:"C:\MFC\lab3_1\Debug\lab3_1.lib" /MACHINE:X86 Debug\lab3_1.res
         Debug\lab3_1.exe.embed.manifest.res
         Debug\lab3_1.obj
         Debug\lab3_1Doc.obj
         Debug\lab3_1View.obj
         Debug\MainFrm.obj
         Debug\stdafx.obj
       Manifest:
         C:\Program Files (x86)\Microsoft SDKs\Windows\v7.0A\bin\mt.exe /nologo /verbose /out:"Debug\lab3_1.exe.embed.manifest" /manifest Debug\lab3_1.exe.intermediate.manifest "C:\Program Files (x86)\Microsoft Visual Studio 10.0\VC\Include\Manifest\dpiaware.manifest"
         所有输出均为最新。
       LinkEmbedManifest:
         所有输出均为最新。
         lab3_1.vcxproj -> C:\MFC\lab3_1\Debug\lab3_1.exe
       FinalizeBuildStatus:
         正在删除文件“Debug\lab3_1.unsuccessfulbuild”。
         正在对“Debug\lab3_1.lastbuildstate”执行 Touch 任务。
     1>已完成生成项目“C:\MFC\lab3_1\lab3_1\lab3_1.vcxproj”(build 个目标)的操作。

生成成功。

已用时间 00:00:01.37
