生成启动时间为 2023/3/24 0:13:03。
     1>项目“C:\MFC\lab1-2\lab1-2\lab1-2.vcxproj”在节点 2 上(build 个目标)。
     1>InitializeBuildStatus:
         正在创建“Debug\lab1-2.unsuccessfulbuild”，因为已指定“AlwaysCreate”。
       ClCompile:
         所有输出均为最新。
         C:\Program Files (x86)\Microsoft Visual Studio 10.0\VC\bin\CL.exe /c /ZI /nologo /W3 /WX- /Od /Oy- /D WIN32 /D _WINDOWS /D _DEBUG /D _UNICODE /D UNICODE /D _AFXDLL /Gm /EHsc /RTC1 /MDd /GS /fp:precise /Zc:wchar_t /Zc:forScope /Yu"StdAfx.h" /Fp"Debug\lab1-2.pch" /Fo"Debug\\" /Fd"Debug\vc100.pdb" /Gd /TP /analyze- /errorReport:prompt "lab1-2View.cpp"
         lab1-2View.cpp
     1>c:\mfc\lab1-2\lab1-2\lab1-2view.cpp(85): warning C4244: “初始化”: 从“COLORREF”转换到“BYTE”，可能丢失数据
     1>c:\mfc\lab1-2\lab1-2\lab1-2view.cpp(86): warning C4244: “初始化”: 从“COLORREF”转换到“BYTE”，可能丢失数据
     1>c:\mfc\lab1-2\lab1-2\lab1-2view.cpp(87): warning C4244: “初始化”: 从“COLORREF”转换到“BYTE”，可能丢失数据
     1>c:\mfc\lab1-2\lab1-2\lab1-2view.cpp(178): warning C4244: “初始化”: 从“COLORREF”转换到“BYTE”，可能丢失数据
     1>c:\mfc\lab1-2\lab1-2\lab1-2view.cpp(179): warning C4244: “初始化”: 从“COLORREF”转换到“BYTE”，可能丢失数据
     1>c:\mfc\lab1-2\lab1-2\lab1-2view.cpp(180): warning C4244: “初始化”: 从“COLORREF”转换到“BYTE”，可能丢失数据
     1>c:\mfc\lab1-2\lab1-2\lab1-2view.cpp(216): warning C4244: “初始化”: 从“COLORREF”转换到“BYTE”，可能丢失数据
     1>c:\mfc\lab1-2\lab1-2\lab1-2view.cpp(217): warning C4244: “初始化”: 从“COLORREF”转换到“BYTE”，可能丢失数据
     1>c:\mfc\lab1-2\lab1-2\lab1-2view.cpp(218): warning C4244: “初始化”: 从“COLORREF”转换到“BYTE”，可能丢失数据
     1>c:\mfc\lab1-2\lab1-2\lab1-2view.cpp(242): warning C4244: “初始化”: 从“COLORREF”转换到“BYTE”，可能丢失数据
     1>c:\mfc\lab1-2\lab1-2\lab1-2view.cpp(243): warning C4244: “初始化”: 从“COLORREF”转换到“BYTE”，可能丢失数据
     1>c:\mfc\lab1-2\lab1-2\lab1-2view.cpp(244): warning C4244: “初始化”: 从“COLORREF”转换到“BYTE”，可能丢失数据
     1>c:\mfc\lab1-2\lab1-2\lab1-2view.cpp(268): warning C4244: “初始化”: 从“COLORREF”转换到“BYTE”，可能丢失数据
     1>c:\mfc\lab1-2\lab1-2\lab1-2view.cpp(269): warning C4244: “初始化”: 从“COLORREF”转换到“BYTE”，可能丢失数据
     1>c:\mfc\lab1-2\lab1-2\lab1-2view.cpp(270): warning C4244: “初始化”: 从“COLORREF”转换到“BYTE”，可能丢失数据
     1>c:\mfc\lab1-2\lab1-2\lab1-2view.cpp(294): warning C4244: “初始化”: 从“COLORREF”转换到“BYTE”，可能丢失数据
     1>c:\mfc\lab1-2\lab1-2\lab1-2view.cpp(295): warning C4244: “初始化”: 从“COLORREF”转换到“BYTE”，可能丢失数据
     1>c:\mfc\lab1-2\lab1-2\lab1-2view.cpp(296): warning C4244: “初始化”: 从“COLORREF”转换到“BYTE”，可能丢失数据
       ResourceCompile:
         所有输出均为最新。
       ManifestResourceCompile:
         所有输出均为最新。
       Link:
         C:\Program Files (x86)\Microsoft Visual Studio 10.0\VC\bin\link.exe /ERRORREPORT:PROMPT /OUT:"C:\MFC\lab1-2\Debug\lab1-2.exe" /INCREMENTAL /NOLOGO /MANIFEST /ManifestFile:"Debug\lab1-2.exe.intermediate.manifest" /MANIFESTUAC:"level='asInvoker' uiAccess='false'" /DEBUG /PDB:"C:\MFC\lab1-2\Debug\lab1-2.pdb" /SUBSYSTEM:WINDOWS /TLBID:1 /ENTRY:"wWinMainCRTStartup" /DYNAMICBASE /NXCOMPAT /IMPLIB:"C:\MFC\lab1-2\Debug\lab1-2.lib" /MACHINE:X86 "Debug\lab1-2.res"
         "Debug\lab1-2.exe.embed.manifest.res"
         "Debug\lab1-2.obj"
         "Debug\lab1-2Doc.obj"
         "Debug\lab1-2View.obj"
         Debug\MainFrm.obj
         Debug\stdafx.obj
       Manifest:
         C:\Program Files (x86)\Microsoft SDKs\Windows\v7.0A\bin\mt.exe /nologo /verbose /out:"Debug\lab1-2.exe.embed.manifest" /manifest "Debug\lab1-2.exe.intermediate.manifest" "C:\Program Files (x86)\Microsoft Visual Studio 10.0\VC\Include\Manifest\dpiaware.manifest"
         所有输出均为最新。
       LinkEmbedManifest:
         所有输出均为最新。
         lab1-2.vcxproj -> C:\MFC\lab1-2\Debug\lab1-2.exe
       FinalizeBuildStatus:
         正在删除文件“Debug\lab1-2.unsuccessfulbuild”。
         正在对“Debug\lab1-2.lastbuildstate”执行 Touch 任务。
     1>已完成生成项目“C:\MFC\lab1-2\lab1-2\lab1-2.vcxproj”(build 个目标)的操作。

生成成功。

已用时间 00:00:00.68
