生成启动时间为 2023/5/29 18:14:26。
     1>项目“C:\MFC\lab4_2\lab4_2\lab4_2.vcxproj”在节点 2 上(build 个目标)。
     1>InitializeBuildStatus:
         正在创建“Debug\lab4_2.unsuccessfulbuild”，因为已指定“AlwaysCreate”。
       ClCompile:
         所有输出均为最新。
         C:\Program Files (x86)\Microsoft Visual Studio 10.0\VC\bin\CL.exe /c /ZI /nologo /W3 /WX- /Od /Oy- /D WIN32 /D _WINDOWS /D _DEBUG /D _UNICODE /D UNICODE /D _AFXDLL /Gm /EHsc /RTC1 /MDd /GS /fp:precise /Zc:wchar_t /Zc:forScope /Yu"StdAfx.h" /Fp"Debug\lab4_2.pch" /Fo"Debug\\" /Fd"Debug\vc100.pdb" /Gd /TP /analyze- /errorReport:prompt lab4_2.cpp lab4_2Dlg.cpp
         lab4_2.cpp
         正在生成代码...
         正在跳过...(未检测到相关更改)
         lab4_2Dlg.cpp
       ResourceCompile:
         所有输出均为最新。
       ManifestResourceCompile:
         所有输出均为最新。
       Link:
         C:\Program Files (x86)\Microsoft Visual Studio 10.0\VC\bin\link.exe /ERRORREPORT:PROMPT /OUT:"C:\MFC\lab4_2\Debug\lab4_2.exe" /INCREMENTAL /NOLOGO /MANIFEST /ManifestFile:"Debug\lab4_2.exe.intermediate.manifest" /MANIFESTUAC:"level='asInvoker' uiAccess='false'" /DEBUG /PDB:"C:\MFC\lab4_2\Debug\lab4_2.pdb" /SUBSYSTEM:WINDOWS /TLBID:1 /ENTRY:"wWinMainCRTStartup" /DYNAMICBASE /NXCOMPAT /IMPLIB:"C:\MFC\lab4_2\Debug\lab4_2.lib" /MACHINE:X86 Debug\lab4_2.res
         Debug\lab4_2.exe.embed.manifest.res
         Debug\lab4_2.obj
         Debug\lab4_2Dlg.obj
         Debug\stdafx.obj
       Manifest:
         C:\Program Files (x86)\Microsoft SDKs\Windows\v7.0A\bin\mt.exe /nologo /verbose /out:"Debug\lab4_2.exe.embed.manifest" /manifest Debug\lab4_2.exe.intermediate.manifest "C:\Program Files (x86)\Microsoft Visual Studio 10.0\VC\Include\Manifest\dpiaware.manifest"
         所有输出均为最新。
       LinkEmbedManifest:
         所有输出均为最新。
         lab4_2.vcxproj -> C:\MFC\lab4_2\Debug\lab4_2.exe
       FinalizeBuildStatus:
         正在删除文件“Debug\lab4_2.unsuccessfulbuild”。
         正在对“Debug\lab4_2.lastbuildstate”执行 Touch 任务。
     1>已完成生成项目“C:\MFC\lab4_2\lab4_2\lab4_2.vcxproj”(build 个目标)的操作。

生成成功。

已用时间 00:00:01.07
