生成启动时间为 2023/4/18 15:39:54。
     1>项目“C:\MFC\lab2_2\lab2_2\lab2_2.vcxproj”在节点 2 上(build 个目标)。
     1>InitializeBuildStatus:
         正在创建“Debug\lab2_2.unsuccessfulbuild”，因为已指定“AlwaysCreate”。
       ClCompile:
         所有输出均为最新。
         所有输出均为最新。
       ResourceCompile:
         C:\Program Files (x86)\Microsoft SDKs\Windows\v7.0A\bin\rc.exe /D _DEBUG /D _UNICODE /D UNICODE /D _AFXDLL /l"0x0804" /IDebug\ /nologo /fo"Debug\lab2_2.res" lab2_2.rc 
       ManifestResourceCompile:
         所有输出均为最新。
       Link:
         C:\Program Files (x86)\Microsoft Visual Studio 10.0\VC\bin\link.exe /ERRORREPORT:PROMPT /OUT:"C:\MFC\lab2_2\Debug\lab2_2.exe" /INCREMENTAL /NOLOGO /MANIFEST /ManifestFile:"Debug\lab2_2.exe.intermediate.manifest" /MANIFESTUAC:"level='asInvoker' uiAccess='false'" /DEBUG /PDB:"C:\MFC\lab2_2\Debug\lab2_2.pdb" /SUBSYSTEM:WINDOWS /TLBID:1 /ENTRY:"wWinMainCRTStartup" /DYNAMICBASE /NXCOMPAT /IMPLIB:"C:\MFC\lab2_2\Debug\lab2_2.lib" /MACHINE:X86 Debug\lab2_2.res
         Debug\lab2_2.exe.embed.manifest.res
         Debug\lab2_2.obj
         Debug\lab2_2Doc.obj
         Debug\lab2_2View.obj
         Debug\MainFrm.obj
         Debug\MyDialog.obj
         Debug\stdafx.obj
       Manifest:
         C:\Program Files (x86)\Microsoft SDKs\Windows\v7.0A\bin\mt.exe /nologo /verbose /out:"Debug\lab2_2.exe.embed.manifest" /manifest Debug\lab2_2.exe.intermediate.manifest "C:\Program Files (x86)\Microsoft Visual Studio 10.0\VC\Include\Manifest\dpiaware.manifest"
         所有输出均为最新。
       LinkEmbedManifest:
         所有输出均为最新。
         lab2_2.vcxproj -> C:\MFC\lab2_2\Debug\lab2_2.exe
       FinalizeBuildStatus:
         正在删除文件“Debug\lab2_2.unsuccessfulbuild”。
         正在对“Debug\lab2_2.lastbuildstate”执行 Touch 任务。
     1>已完成生成项目“C:\MFC\lab2_2\lab2_2\lab2_2.vcxproj”(build 个目标)的操作。

生成成功。

已用时间 00:00:00.44
